<?xml version="1.0" encoding="UTF-8"?>
<!-- Generated by org.testng.reporters.JUnitReportReporter -->
<testsuite skipped="0" hostname="LT" name="tests.SampleTests" tests="4" failures="0" timestamp="26 Jul 2021 17:17:56 GMT" time="69.110" errors="0">
  <testcase name="one" time="14.856" classname="tests.SampleTests"/>
  <testcase name="one" time="18.740" classname="tests.SampleTests"/>
  <testcase name="two" time="19.249" classname="tests.SampleTests"/>
  <testcase name="two" time="16.265" classname="tests.SampleTests"/>
</testsuite> <!-- tests.SampleTests -->
