<?xml version="1.0" encoding="UTF-8"?>
<!-- Generated by org.testng.reporters.JUnitReportReporter -->
<testsuite skipped="0" hostname="LT" name="tests.SampleTests" tests="4" failures="0" timestamp="26 Jul 2021 17:01:26 GMT" time="63.778" errors="0">
  <testcase name="one" time="15.391" classname="tests.SampleTests"/>
  <testcase name="one" time="16.944" classname="tests.SampleTests"/>
  <testcase name="two" time="16.465" classname="tests.SampleTests"/>
  <testcase name="two" time="14.978" classname="tests.SampleTests"/>
</testsuite> <!-- tests.SampleTests -->
