<?xml version="1.0" encoding="UTF-8"?>
<!-- Generated by org.testng.reporters.JUnitReportReporter -->
<testsuite skipped="0" hostname="LT" name="SampleTests" tests="2" failures="0" timestamp="25 Jul 2021 11:05:06 GMT" time="31.959" errors="0">
  <testcase name="one" time="15.440" classname="SampleTests"/>
  <testcase name="two" time="16.519" classname="SampleTests"/>
</testsuite> <!-- SampleTests -->
