<?xml version="1.0" encoding="UTF-8"?>
<!-- Generated by org.testng.reporters.JUnitReportReporter -->
<testsuite skipped="0" hostname="LT" name="tests.SampleTests" tests="7" failures="0" timestamp="26 Jul 2021 17:37:11 GMT" time="194.037" errors="0">
  <testcase name="one" time="29.874" classname="tests.SampleTests"/>
  <testcase name="three" time="44.840" classname="tests.SampleTests"/>
  <testcase name="four" time="20.902" classname="tests.SampleTests"/>
  <testcase name="two" time="44.623" classname="tests.SampleTests"/>
  <testcase name="two" time="13.084" classname="tests.SampleTests"/>
  <testcase name="five" time="21.604" classname="tests.SampleTests"/>
  <testcase name="one" time="19.110" classname="tests.SampleTests"/>
</testsuite> <!-- tests.SampleTests -->
