<?xml version="1.0" encoding="UTF-8"?>
<!-- Generated by org.testng.reporters.JUnitReportReporter -->
<testsuite skipped="0" hostname="LT" name="tests.SampleTests" tests="7" failures="0" timestamp="28 Jul 2021 13:03:06 GMT" time="118.716" errors="0">
  <testcase name="one" time="16.058" classname="tests.SampleTests"/>
  <testcase name="one" time="17.793" classname="tests.SampleTests"/>
  <testcase name="five" time="19.392" classname="tests.SampleTests"/>
  <testcase name="two" time="16.766" classname="tests.SampleTests"/>
  <testcase name="two" time="13.633" classname="tests.SampleTests"/>
  <testcase name="four" time="19.078" classname="tests.SampleTests"/>
  <testcase name="three" time="15.996" classname="tests.SampleTests"/>
</testsuite> <!-- tests.SampleTests -->
