<?xml version="1.0" encoding="UTF-8"?>
<!-- Generated by org.testng.reporters.JUnitReportReporter -->
<testsuite skipped="0" hostname="LT" name="tests.Smoke" tests="2" failures="0" timestamp="31 Jul 2021 13:05:38 GMT" time="39.804" errors="0">
  <testcase name="one" time="19.615" classname="tests.Smoke"/>
  <testcase name="two" time="20.189" classname="tests.Smoke"/>
</testsuite> <!-- tests.Smoke -->
